<?xml version="1.0" encoding="UTF-8"?>
<!-- Generated by org.testng.reporters.JUnitXMLReporter -->
<testsuite ignored="0" hostname="Users-MacBook-Pro-2.local" failures="0" tests="10" name="Default test" time="230.057" errors="0" timestamp="2022-06-15T11:40:08 BDT">
  <testcase classname="DDT.LoginTestWithExcelData" name="loginToSAM" time="36.167"/>
  <testcase classname="DDT.LoginTestWithExcelData" name="loginToSAM" time="12.654"/>
  <testcase classname="DDT.LoginTestWithExcelData" name="loginToSAM" time="15.051"/>
  <testcase classname="DDT.LoginTestWithExcelData" name="loginToSAM" time="37.778"/>
  <testcase classname="DDT.LoginTestWithExcelData" name="loginToSAM" time="25.018"/>
  <testcase classname="DDT.LoginTestWithExcelData" name="loginToSAM" time="19.082"/>
  <testcase classname="DDT.LoginTestWithExcelData" name="loginToSAM" time="23.15"/>
  <testcase classname="DDT.LoginTestWithExcelData" name="loginToSAM" time="20.983"/>
  <testcase classname="DDT.LoginTestWithExcelData" name="loginToSAM" time="21.378"/>
  <testcase classname="DDT.LoginTestWithExcelData" name="loginToSAM" time="11.161"/>
</testsuite> <!-- Default test -->
